
     Program PW4GWW v.6.3 starts on 14Dec2018 at 12:22:12 

     This program is part of the open-source Quantum ESPRESSO suite
     for quantum simulation of materials; please cite
         "P. Giannozzi et al., J. Phys.:Condens. Matter 21 395502 (2009);
         "P. Giannozzi et al., J. Phys.:Condens. Matter 29 465901 (2017);
          URL http://www.quantum-espresso.org", 
     in publications or presentations arising from this work. More details at
     http://www.quantum-espresso.org/quote

     Parallel version (MPI & OpenMP), running on      64 processor cores
     Number of MPI processes:                 4
     Threads/MPI process:                    16

     MPI processes distributed on     1 nodes
     R & G space division:  proc/nbgrp/npool/nimage =       4

     Reading data from directory:
     /marconi_scratch/userexternal/pumari00/tmp/ch4.save/

     IMPORTANT: XC functional enforced from input :
     Exchange-correlation      = PZ ( 1  1  0  0 0 0)
     Any further DFT definition will be discarded
     Please, verify this is what you really want

               file H.pz-vbc.UPF: wavefunction(s)  1S renormalized
 
     Parallelization info
     --------------------
     sticks:   dense  smooth     PW     G-vecs:    dense   smooth      PW
     Min         716     716    177                28824    28824    3587
     Max         718     718    180                28830    28830    3592
     Sum        2869    2869    717               115313   115313   14363
 
 nkstot=           1
 after first init
 after g stuff
 after wfc waves
 after davcio


     bravais-lattice index     =            1
     lattice parameter (alat)  =      15.0000  a.u.
     unit-cell volume          =    3375.0000 (a.u.)^3
     number of atoms/cell      =            5
     number of atomic types    =            2
     number of electrons       =         8.00
     number of Kohn-Sham states=            5
     kinetic-energy cutoff     =      40.0000  Ry
     charge density cutoff     =     160.0000  Ry
     Exchange-correlation      = PZ ( 1  1  0  0 0 0)

     celldm(1)=  15.000000  celldm(2)=   0.000000  celldm(3)=   0.000000
     celldm(4)=   0.000000  celldm(5)=   0.000000  celldm(6)=   0.000000

     crystal axes: (cart. coord. in units of alat)
               a(1) = (   1.000000   0.000000   0.000000 )  
               a(2) = (   0.000000   1.000000   0.000000 )  
               a(3) = (   0.000000   0.000000   1.000000 )  

     reciprocal axes: (cart. coord. in units 2 pi/alat)
               b(1) = (  1.000000  0.000000  0.000000 )  
               b(2) = (  0.000000  1.000000  0.000000 )  
               b(3) = (  0.000000  0.000000  1.000000 )  


     PseudoPot. # 1 for H  read from file:
     /marconi/home/userexternal/pumari00/QE_LAST/develop//pseudo/H.pz-vbc.UPF
     MD5 check sum: 90becb985b714f09656c73597998d266
     Pseudo is Norm-conserving, Zval =  1.0
     Generated by new atomic code, or converted to UPF format
     Using radial grid of  131 points,  0 beta functions with: 

     PseudoPot. # 2 for C  read from file:
     /marconi/home/userexternal/pumari00/QE_LAST/develop//pseudo/C.pz-vbc.UPF
     MD5 check sum: ab53dd623bfeb79c5a7b057bc96eae20
     Pseudo is Norm-conserving, Zval =  4.0
     Generated by new atomic code, or converted to UPF format
     Using radial grid of  269 points,  1 beta functions with: 
                l(1) =   0

     atomic species   valence    mass     pseudopotential
        H              1.00     1.00000     H ( 1.00)
        C              4.00    12.00000     C ( 1.00)

     24 Sym. Ops. (no inversion) found



   Cartesian axes

     site n.     atom                  positions (alat units)
         1           H   tau(   1) = (   0.0798803   0.0798803   0.0798803  )
         2           H   tau(   2) = (  -0.0798803  -0.0798803   0.0798803  )
         3           H   tau(   3) = (   0.0798803  -0.0798803  -0.0798803  )
         4           H   tau(   4) = (  -0.0798803   0.0798803  -0.0798803  )
         5           C   tau(   5) = (   0.0000000   0.0000000   0.0000000  )

     number of k points=     1
                       cart. coord. in units 2pi/alat
        k(    1) = (   0.0000000   0.0000000   0.0000000), wk =   2.0000000

     Dense  grid:    57657 G-vectors     FFT dimensions: (  64,  64,  64)

          k = 0.0000 0.0000 0.0000     band energies (ev):

   -16.6119  -9.1111  -9.1111  -9.1111  -0.5651

     highest occupied, lowest unoccupied level (ev):    -9.1111   -0.5651
 MAX_NGM:        1796       14415
 KS energy:           1  -16.6124062053229     
 KS energy:           2  -9.11157511133123     
 KS energy:           3  -9.11157438656868     
 KS energy:           4  -9.11157466441572     
 KS energy:           5 -0.565182966131739     
 Routine energies_xc :           1  -14.3103298277733     
 Routine energies_xc :           2  -13.4271885230425     
 Routine energies_xc :           3  -13.4271873301370     
 Routine energies_xc :           4  -13.4271873926021     
 Routine energies_xc :           5  -2.09610265933376     
 Routine energies_h :           1   67.2358595842246     
 Routine energies_h :           2   61.0947823125460     
 Routine energies_h :           3   61.0947755492643     
 Routine energies_h :           4   61.0947758421874     
 Routine energies_h :           5   4.92569243478953     
stop_clock: clock # 15 for        h_psi not running
 Transform to real wfcs
 MATRIX BIG1
 NRS          64          64          64
 NRXS          64          64          64
 Calculate grid
 MATRIX BIG2
 MATRIX IIW           1
 MATRIX JJW           1
 Calculate US
 Out of matrix_wannier_gamma_big
 LOCALIZING WANNIER FUNCTIONS:
 Spread   230.109733437451        212.303820544967     
 Spread   234.838013331978        230.109733437451     
 Spread   234.864404180516        234.838013331978     
 Spread   234.864431553410        234.864404180516     
 Spread   234.864431594005        234.864431553410     
 Spread   234.864431594295        234.864431594005     
 Center Wannier:   14.2054519514961        14.2054524714367     
   14.2054524714367     
 Center Wannier:   14.2054522078127       0.794548038140587     
  0.794548038140587     
 Center Wannier:  0.794547757181937        14.2054521548088     
   14.2054521548088     
 Center Wannier:  0.794547724013587       0.794547958248843     
  0.794547958248843     
 USE RESTART: 1
 Call initialize_fft_custom
          32          32          32
          32          32          32

     Planes per process (custom) : nr3t =  32 nr3p =    8 ncplane =  1024
 
     Proc/  planes cols     G    

        1     8    180     3592
        2     8    180     3592
        3     8    177     3587
        4     8    180     3592
     tot     32    717    14363
 
 Number of projected orthonormalized plane waves:         305
 FK state:           1        8192        1796         305
 FK GS         137
 FK state:           2        8192        1796         305
 FK GS          77
 FK state:           3        8192        1796         305
 FK GS          45
 FK state:           4        8192        1796         305
 FK GS          24
 Calculate FK matrix
     f_conduction :     44.41s CPU      3.33s WALL (       1 calls)
 NUMW_PROD_ALL          50
 ATT1         283
 ATT2         283
 ATT3         283
 ATT4         283
 ATT5         283
 POLARIZABILITY eigen:           1   2.75139186136804     
 POLARIZABILITY eigen:           2   2.75637041088362     
 POLARIZABILITY eigen:           3   2.76007097400310     
 POLARIZABILITY eigen:           4   3.06082386311882     
 POLARIZABILITY eigen:           5   3.06178283788878     
 POLARIZABILITY eigen:           6   3.06324758638870     
 POLARIZABILITY eigen:           7   3.51971753918804     
 POLARIZABILITY eigen:           8   5.07118928556320     
 POLARIZABILITY eigen:           9   5.07427826120678     
 POLARIZABILITY eigen:          10   5.59084934035408     
 POLARIZABILITY eigen:          11   5.87869519122073     
 POLARIZABILITY eigen:          12   5.87902291877398     
 POLARIZABILITY eigen:          13   5.88133375339950     
 POLARIZABILITY eigen:          14   6.71857363139383     
 POLARIZABILITY eigen:          15   6.72575053986467     
 POLARIZABILITY eigen:          16   6.72804222553315     
 POLARIZABILITY eigen:          17   7.70452557593868     
 POLARIZABILITY eigen:          18   7.70671317039794     
 POLARIZABILITY eigen:          19   8.99387924722575     
 POLARIZABILITY eigen:          20   9.45430580708787     
 POLARIZABILITY eigen:          21   9.45759594459014     
 POLARIZABILITY eigen:          22   9.46068888152478     
 POLARIZABILITY eigen:          23   11.8117797334728     
 POLARIZABILITY eigen:          24   11.8150083487016     
 POLARIZABILITY eigen:          25   11.8180091000357     
 POLARIZABILITY eigen:          26   15.2627605904274     
 POLARIZABILITY eigen:          27   15.2667945486263     
 POLARIZABILITY eigen:          28   15.2672571013562     
 POLARIZABILITY eigen:          29   18.2123835625475     
 POLARIZABILITY eigen:          30   22.9940696875508     
 POLARIZABILITY eigen:          31   22.9982691722905     
 POLARIZABILITY eigen:          32   23.0026975261908     
 POLARIZABILITY eigen:          33   25.3375973154909     
 POLARIZABILITY eigen:          34   25.3417259480028     
 POLARIZABILITY eigen:          35   29.1586676201308     
 POLARIZABILITY eigen:          36   29.1632004510451     
 POLARIZABILITY eigen:          37   29.1698684504431     
 POLARIZABILITY eigen:          38   32.8150738260694     
 POLARIZABILITY eigen:          39   32.8182983278588     
 POLARIZABILITY eigen:          40   32.8209849037108     
 POLARIZABILITY eigen:          41   39.9030809978804     
 POLARIZABILITY eigen:          42   39.9079983674562     
 POLARIZABILITY eigen:          43   50.4524812829102     
 POLARIZABILITY eigen:          44   50.4592176784270     
 POLARIZABILITY eigen:          45   50.4640213442780     
 POLARIZABILITY eigen:          46   51.6141571475482     
 POLARIZABILITY eigen:          47   100.383121338254     
 POLARIZABILITY eigen:          48   100.394404763387     
 POLARIZABILITY eigen:          49   100.396521407808     
 POLARIZABILITY eigen:          50   155.731464597054     
 NGM MAX:        1796       14415
 Routine wannier_uterms : start
 NGM MAX:        1796       14415
 uterms iiw           1
 uterms jjw           1
 USE RESTART: 2 LANCZOS RESTART:0
 Routine pola_basis_lanczos
          32          32          32
          32          32          32

     Planes per process (custom) : nr3t =  32 nr3p =    8 ncplane =  1024
 
     Proc/  planes cols     G    

        1     8    180     3592
        2     8    180     3592
        3     8    177     3587
        4     8    180     3592
     tot     32    717    14363
 
 EIGEN T LOCAL:           1           1  0.439744489792001     
 EIGEN T LOCAL:           1          50   261.980619275069     
 pola_basis update merge-split           1           1
 pola_basis update merge-split           2           1
 pola_basis update merge-split           3           1
 pola_basis update merge-split           4           1
 USE RESTART: 2 LANCZOS_RESTART:1
 EIGEN GLOBAL:           1  4.556053245725899E-003
 EIGEN GLOBAL:          50   53341.0120528439     
 orthonormalize_two_manifolds: basis dimension:          87
 EIGEN GLOBAL:           1  2.139363587880169E-003
 EIGEN GLOBAL:          50   38059.5518623309     
 orthonormalize_two_manifolds: basis dimension:         116
 EIGEN GLOBAL:           1  1.526679853176466E-003
 EIGEN GLOBAL:          50   27392.9850141537     
 orthonormalize_two_manifolds: basis dimension:         139
 TOTAL NUMBER OF GLOBAL T VECTORS:          139
 lanczos_state:           1           1
 USE RESTART: 2 LANCZOS_RESTART:2
 Routine self_basis_lanczos
          32          32          32
          32          32          32

     Planes per process (custom) : nr3t =  32 nr3p =    8 ncplane =  1024
 
     Proc/  planes cols     G    

        1     8    180     3592
        2     8    180     3592
        3     8    177     3587
        4     8    180     3592
     tot     32    717    14363
 
 EIGEN S LOCAL:           1           1  1.318893066674367E-005
 EIGEN S LOCAL:           1          50  4.375593438297185E-003
 EIGEN S LOCAL:           5           1  1.142334350777226E-006
 EIGEN S LOCAL:           5          50  5.411485353315937E-004
     self_basis   :      5.43s CPU      0.40s WALL (       1 calls)
     sl_loop      :      4.03s CPU      0.30s WALL (       2 calls)
 USE RESTART: 2 LANCZOS_RESTART:3
 EIGEN GLOBAL:           1  4.315050885342964E-013
 EIGEN GLOBAL:          50  2.967734187097198E-007
 orthonormalize_two_manifolds: basis dimension:          98
 EIGEN GLOBAL:           1  1.412453819480331E-013
 EIGEN GLOBAL:          50  6.084650967889403E-008
 orthonormalize_two_manifolds: basis dimension:         143
 EIGEN GLOBAL:           1  2.723354974161597E-014
 EIGEN GLOBAL:          50  2.708913366721683E-008
 orthonormalize_two_manifolds: basis dimension:         179
 EIGEN GLOBAL:           1  2.742217017359520E-013
 EIGEN GLOBAL:          50  6.736257125089519E-008
 orthonormalize_two_manifolds: basis dimension:         221
 TOTAL NUMBER OF GLOBAL S VECTORS:          221
 lanczos_state:           1           1
 USE RESTART: 3 LANCZOS_RESTART /=2,3
 Exchange energy           1           1  -1.69155346580598     
 Exchange energy           2           1  -1.37726500857194     
 Exchange energy           3           1  -1.37726486323494     
 Exchange energy           4           1  -1.37726486955756     
 Exchange energy           5           1 -4.633740160903863E-002
 USE RESTART: 4 LANCZOS_RESTART /=2,3
 USE RESTART: 5 LANCZOS_RESTART /=2,3
 PW4GWW COMPLETED
     produce_wann :    464.14s CPU     34.39s WALL (       1 calls)
     f_conduction :     44.41s CPU      3.33s WALL (       1 calls)
     o_bands      :      1.66s CPU      0.15s WALL (       1 calls)
     pola_basis   :      5.16s CPU      0.39s WALL (       1 calls)
     global_pola  :     95.59s CPU      6.65s WALL (       1 calls)
     self_basis   :      5.43s CPU      0.40s WALL (       1 calls)
     cft3t        :     16.33s CPU      1.06s WALL (    1667 calls)
     h_psi        :    287.99s CPU     19.85s WALL (      61 calls)
     fft          :      2.74s CPU      0.21s WALL (      26 calls)
     fftw         :    193.66s CPU     14.82s WALL (   11697 calls)
     davcio       :      5.76s CPU      0.44s WALL (    3154 calls)
     global_self  :    300.74s CPU     20.88s WALL (       1 calls)
     lanczos_stat :    387.80s CPU     26.89s WALL (       2 calls)
