
     Program GWW v.6.3 starts on 14Dec2018 at 12:22:50 

     This program is part of the open-source Quantum ESPRESSO suite
     for quantum simulation of materials; please cite
         "P. Giannozzi et al., J. Phys.:Condens. Matter 21 395502 (2009);
         "P. Giannozzi et al., J. Phys.:Condens. Matter 29 465901 (2017);
          URL http://www.quantum-espresso.org", 
     in publications or presentations arising from this work. More details at
     http://www.quantum-espresso.org/quote

     Parallel version (MPI & OpenMP), running on      64 processor cores
     Number of MPI processes:                 4
     Threads/MPI process:                    16

     MPI processes distributed on     1 nodes
     R & G space division:  proc/nbgrp/npool/nimage =       4
 MPI PARALLEL VERSION
 Number of procs:            4
 GWL: Version 1.00
 ntids =           16
 Number of intervals:          118
 Number of intervals for fit:         120
 Maximum imaginary time:    11.8000000000000     
 Print whole Sigma:  F
 Maximum state considered:           5
 Prefix:ch4
 Rows together in FFT:          50
 Accurate treatment of conduction states
 Uses contractions on single states
 Uses no fft grid for time/space integrations
 Time grid :           3
 Frequency grid :           5
 Max frequency :   20.0000000000000     
 Consider states from:           1  to            5
 Maximum number of iterations in minpack:        20000
 Number of cycles over minpack:            1
 Uses LDA Hartree : T
 Uses LDA Exchange : T
 Uses SYMMETRIZED DIELECTRIC MATRIX
 Head of dielectric matrix from file
 Treatment of W divergence:           0
 Wings of dielectric matrix from file
 Offset fit :           2
 Read vcprim terms from file
 Calculates the polarization directly from the overlaps
 Polarization Calculated through Lanczos scheme
 Self-energy Calculated through Lanczos scheme
 Convolution done analytically
 Block length fequency         100
 Block length states           5
 Block length valence states           4
 Block length fequency lc           1
 Reduced disk I/O
 Uses double grid, subdivisions:          10  till :           3
 t vectors from Wannier products
 Use truncated Coulomb interaction
 Calculate Self-energy through FT
 Spin multiplicity:           1
 Partiallly occpuied states: F
 min        -188           0           1          95
 max         -94           0          95          95
 min pola           0
 max pola          47
 min state           1
 max state           2
 min state range           1
 max state range           2
 DB1         118
 DB2
 DB3
 N:         188         188
 Omega:   20.0000000000000        20.0000000000000     
 freq:        -188  -20.0000000000000       -20.0000000000000     
 weight:        -188  0.169491525423729       0.169491525423729     
 freq:        -187  -19.8305084745763       -19.8305084745763     
 weight:        -187  0.169491525423729       0.169491525423729     
 freq:        -186  -19.6610169491525       -19.6610169491525     
 weight:        -186  0.169491525423729       0.169491525423729     
 freq:        -185  -19.4915254237288       -19.4915254237288     
 weight:        -185  0.169491525423729       0.169491525423729     
 freq:        -184  -19.3220338983051       -19.3220338983051     
 weight:        -184  0.169491525423729       0.169491525423729     
 freq:        -183  -19.1525423728814       -19.1525423728814     
 weight:        -183  0.169491525423729       0.169491525423729     
 freq:        -182  -18.9830508474576       -18.9830508474576     
 weight:        -182  0.169491525423729       0.169491525423729     
 freq:        -181  -18.8135593220339       -18.8135593220339     
 weight:        -181  0.169491525423729       0.169491525423729     
 freq:        -180  -18.6440677966102       -18.6440677966102     
 weight:        -180  0.169491525423729       0.169491525423729     
 freq:        -179  -18.4745762711864       -18.4745762711864     
 weight:        -179  0.169491525423729       0.169491525423729     
 freq:        -178  -18.3050847457627       -18.3050847457627     
 weight:        -178  0.169491525423729       0.169491525423729     
 freq:        -177  -18.1355932203390       -18.1355932203390     
 weight:        -177  0.169491525423729       0.169491525423729     
 freq:        -176  -17.9661016949153       -17.9661016949153     
 weight:        -176  0.169491525423729       0.169491525423729     
 freq:        -175  -17.7966101694915       -17.7966101694915     
 weight:        -175  0.169491525423729       0.169491525423729     
 freq:        -174  -17.6271186440678       -17.6271186440678     
 weight:        -174  0.169491525423729       0.169491525423729     
 freq:        -173  -17.4576271186441       -17.4576271186441     
 weight:        -173  0.169491525423729       0.169491525423729     
 freq:        -172  -17.2881355932203       -17.2881355932203     
 weight:        -172  0.169491525423729       0.169491525423729     
 freq:        -171  -17.1186440677966       -17.1186440677966     
 weight:        -171  0.169491525423729       0.169491525423729     
 freq:        -170  -16.9491525423729       -16.9491525423729     
 weight:        -170  0.169491525423729       0.169491525423729     
 freq:        -169  -16.7796610169492       -16.7796610169492     
 weight:        -169  0.169491525423729       0.169491525423729     
 freq:        -168  -16.6101694915254       -16.6101694915254     
 weight:        -168  0.169491525423729       0.169491525423729     
 freq:        -167  -16.4406779661017       -16.4406779661017     
 weight:        -167  0.169491525423729       0.169491525423729     
 freq:        -166  -16.2711864406780       -16.2711864406780     
 weight:        -166  0.169491525423729       0.169491525423729     
 freq:        -165  -16.1016949152542       -16.1016949152542     
 weight:        -165  0.169491525423729       0.169491525423729     
 freq:        -164  -15.9322033898305       -15.9322033898305     
 weight:        -164  0.169491525423729       0.169491525423729     
 freq:        -163  -15.7627118644068       -15.7627118644068     
 weight:        -163  0.169491525423729       0.169491525423729     
 freq:        -162  -15.5932203389831       -15.5932203389831     
 weight:        -162  0.169491525423729       0.169491525423729     
 freq:        -161  -15.4237288135593       -15.4237288135593     
 weight:        -161  0.169491525423729       0.169491525423729     
 freq:        -160  -15.2542372881356       -15.2542372881356     
 weight:        -160  0.169491525423729       0.169491525423729     
 freq:        -159  -15.0847457627119       -15.0847457627119     
 weight:        -159  0.169491525423729       0.169491525423729     
 freq:        -158  -14.9152542372881       -14.9152542372881     
 weight:        -158  0.169491525423729       0.169491525423729     
 freq:        -157  -14.7457627118644       -14.7457627118644     
 weight:        -157  0.169491525423729       0.169491525423729     
 freq:        -156  -14.5762711864407       -14.5762711864407     
 weight:        -156  0.169491525423729       0.169491525423729     
 freq:        -155  -14.4067796610169       -14.4067796610169     
 weight:        -155  0.169491525423729       0.169491525423729     
 freq:        -154  -14.2372881355932       -14.2372881355932     
 weight:        -154  0.169491525423729       0.169491525423729     
 freq:        -153  -14.0677966101695       -14.0677966101695     
 weight:        -153  0.169491525423729       0.169491525423729     
 freq:        -152  -13.8983050847458       -13.8983050847458     
 weight:        -152  0.169491525423729       0.169491525423729     
 freq:        -151  -13.7288135593220       -13.7288135593220     
 weight:        -151  0.169491525423729       0.169491525423729     
 freq:        -150  -13.5593220338983       -13.5593220338983     
 weight:        -150  0.169491525423729       0.169491525423729     
 freq:        -149  -13.3898305084746       -13.3898305084746     
 weight:        -149  0.169491525423729       0.169491525423729     
 freq:        -148  -13.2203389830508       -13.2203389830508     
 weight:        -148  0.169491525423729       0.169491525423729     
 freq:        -147  -13.0508474576271       -13.0508474576271     
 weight:        -147  0.169491525423729       0.169491525423729     
 freq:        -146  -12.8813559322034       -12.8813559322034     
 weight:        -146  0.169491525423729       0.169491525423729     
 freq:        -145  -12.7118644067797       -12.7118644067797     
 weight:        -145  0.169491525423729       0.169491525423729     
 freq:        -144  -12.5423728813559       -12.5423728813559     
 weight:        -144  0.169491525423729       0.169491525423729     
 freq:        -143  -12.3728813559322       -12.3728813559322     
 weight:        -143  0.169491525423729       0.169491525423729     
 freq:        -142  -12.2033898305085       -12.2033898305085     
 weight:        -142  0.169491525423729       0.169491525423729     
 freq:        -141  -12.0338983050847       -12.0338983050847     
 weight:        -141  0.169491525423729       0.169491525423729     
 freq:        -140  -11.8644067796610       -11.8644067796610     
 weight:        -140  0.169491525423729       0.169491525423729     
 freq:        -139  -11.6949152542373       -11.6949152542373     
 weight:        -139  0.169491525423729       0.169491525423729     
 freq:        -138  -11.5254237288136       -11.5254237288136     
 weight:        -138  0.169491525423729       0.169491525423729     
 freq:        -137  -11.3559322033898       -11.3559322033898     
 weight:        -137  0.169491525423729       0.169491525423729     
 freq:        -136  -11.1864406779661       -11.1864406779661     
 weight:        -136  0.169491525423729       0.169491525423729     
 freq:        -135  -11.0169491525424       -11.0169491525424     
 weight:        -135  0.169491525423729       0.169491525423729     
 freq:        -134  -10.8474576271186       -10.8474576271186     
 weight:        -134  0.169491525423729       0.169491525423729     
 freq:        -133  -10.6779661016949       -10.6779661016949     
 weight:        -133  0.169491525423729       0.169491525423729     
 freq:        -132  -10.5084745762712       -10.5084745762712     
 weight:        -132  0.169491525423729       0.169491525423729     
 freq:        -131  -10.3389830508475       -10.3389830508475     
 weight:        -131  0.169491525423729       0.169491525423729     
 freq:        -130  -10.1694915254237       -10.1694915254237     
 weight:        -130  0.169491525423729       0.169491525423729     
 freq:        -129  -10.0000000000000       -10.0000000000000     
 weight:        -129  0.169491525423729       0.169491525423729     
 freq:        -128  -9.83050847457627       -9.83050847457627     
 weight:        -128  0.169491525423729       0.169491525423729     
 freq:        -127  -9.66101694915254       -9.66101694915254     
 weight:        -127  0.169491525423729       0.169491525423729     
 freq:        -126  -9.49152542372881       -9.49152542372881     
 weight:        -126  0.169491525423729       0.169491525423729     
 freq:        -125  -9.32203389830508       -9.32203389830508     
 weight:        -125  0.169491525423729       0.169491525423729     
 freq:        -124  -9.15254237288136       -9.15254237288136     
 weight:        -124  0.169491525423729       0.169491525423729     
 freq:        -123  -8.98305084745763       -8.98305084745763     
 weight:        -123  0.169491525423729       0.169491525423729     
 freq:        -122  -8.81355932203390       -8.81355932203390     
 weight:        -122  0.169491525423729       0.169491525423729     
 freq:        -121  -8.64406779661017       -8.64406779661017     
 weight:        -121  0.169491525423729       0.169491525423729     
 freq:        -120  -8.47457627118644       -8.47457627118644     
 weight:        -120  0.169491525423729       0.169491525423729     
 freq:        -119  -8.30508474576271       -8.30508474576271     
 weight:        -119  0.169491525423729       0.169491525423729     
 freq:        -118  -8.13559322033898       -8.13559322033898     
 weight:        -118  0.169491525423729       0.169491525423729     
 freq:        -117  -7.96610169491525       -7.96610169491525     
 weight:        -117  0.169491525423729       0.169491525423729     
 freq:        -116  -7.79661016949153       -7.79661016949153     
 weight:        -116  0.169491525423729       0.169491525423729     
 freq:        -115  -7.62711864406780       -7.62711864406780     
 weight:        -115  0.169491525423729       0.169491525423729     
 freq:        -114  -7.45762711864407       -7.45762711864407     
 weight:        -114  0.169491525423729       0.169491525423729     
 freq:        -113  -7.28813559322034       -7.28813559322034     
 weight:        -113  0.169491525423729       0.169491525423729     
 freq:        -112  -7.11864406779661       -7.11864406779661     
 weight:        -112  0.169491525423729       0.169491525423729     
 freq:        -111  -6.94915254237288       -6.94915254237288     
 weight:        -111  0.169491525423729       0.169491525423729     
 freq:        -110  -6.77966101694915       -6.77966101694915     
 weight:        -110  0.169491525423729       0.169491525423729     
 freq:        -109  -6.61016949152542       -6.61016949152542     
 weight:        -109  0.169491525423729       0.169491525423729     
 freq:        -108  -6.44067796610169       -6.44067796610169     
 weight:        -108  0.169491525423729       0.169491525423729     
 freq:        -107  -6.27118644067797       -6.27118644067797     
 weight:        -107  0.169491525423729       0.169491525423729     
 freq:        -106  -6.10169491525424       -6.10169491525424     
 weight:        -106  0.169491525423729       0.169491525423729     
 freq:        -105  -5.93220338983051       -5.93220338983051     
 weight:        -105  0.169491525423729       0.169491525423729     
 freq:        -104  -5.76271186440678       -5.76271186440678     
 weight:        -104  0.169491525423729       0.169491525423729     
 freq:        -103  -5.59322033898305       -5.59322033898305     
 weight:        -103  0.169491525423729       0.169491525423729     
 freq:        -102  -5.42372881355932       -5.42372881355932     
 weight:        -102  0.169491525423729       0.169491525423729     
 freq:        -101  -5.25423728813559       -5.25423728813559     
 weight:        -101  0.169491525423729       0.169491525423729     
 freq:        -100  -5.08474576271186       -5.08474576271186     
 weight:        -100  0.169491525423729       0.169491525423729     
 freq:         -99  -4.91525423728813       -4.91525423728813     
 weight:         -99  0.169491525423729       0.169491525423729     
 freq:         -98  -4.74576271186441       -4.74576271186441     
 weight:         -98  0.169491525423729       0.169491525423729     
 freq:         -97  -4.57627118644068       -4.57627118644068     
 weight:         -97  0.169491525423729       0.169491525423729     
 freq:         -96  -4.40677966101695       -4.40677966101695     
 weight:         -96  0.169491525423729       0.169491525423729     
 freq:         -95  -4.23728813559322       -4.23728813559322     
 weight:         -95  0.169491525423729       0.169491525423729     
 freq:         -94  -4.06779661016949       -4.06779661016949     
 weight:         -94  0.169491525423729       0.169491525423729     
 freq:         -93  -3.89830508474576       -3.89830508474576     
 weight:         -93  0.169491525423729       0.169491525423729     
 freq:         -92  -3.72881355932203       -3.72881355932203     
 weight:         -92  0.169491525423729       0.169491525423729     
 freq:         -91  -3.55932203389830       -3.55932203389830     
 weight:         -91  0.169491525423729       0.169491525423729     
 freq:         -90  -3.38983050847458       -3.38983050847458     
 weight:         -90  0.169491525423729       0.169491525423729     
 freq:         -89  -3.22033898305085       -3.22033898305085     
 weight:         -89  0.169491525423729       0.169491525423729     
 freq:         -88  -3.05084745762712       -3.05084745762712     
 weight:         -88  0.169491525423729       0.169491525423729     
 freq:         -87  -2.88135593220339       -2.88135593220339     
 weight:         -87  0.169491525423729       0.169491525423729     
 freq:         -86  -2.71186440677966       -2.71186440677966     
 weight:         -86  0.169491525423729       0.169491525423729     
 freq:         -85  -2.54237288135593       -2.54237288135593     
 weight:         -85  0.169491525423729       0.169491525423729     
 freq:         -84  -2.37288135593220       -2.37288135593220     
 weight:         -84  0.169491525423729       0.169491525423729     
 freq:         -83  -2.20338983050847       -2.20338983050847     
 weight:         -83  0.169491525423729       0.169491525423729     
 freq:         -82  -2.03389830508475       -2.03389830508475     
 weight:         -82  0.169491525423729       0.169491525423729     
 freq:         -81  -1.86440677966102       -1.86440677966102     
 weight:         -81  0.169491525423729       0.169491525423729     
 freq:         -80  -1.69491525423729       -1.69491525423729     
 weight:         -80  0.169491525423729       0.169491525423729     
 freq:         -79  -1.52542372881356       -1.52542372881356     
 weight:         -79  0.169491525423729       0.169491525423729     
 freq:         -78  -1.35593220338983       -1.35593220338983     
 weight:         -78  0.169491525423729       0.169491525423729     
 freq:         -77  -1.18644067796610       -1.18644067796610     
 weight:         -77  0.169491525423729       0.169491525423729     
 freq:         -76  -1.01694915254237       -1.01694915254237     
 weight:         -76  0.169491525423729       0.169491525423729     
 freq:         -75 -0.847457627118644      -0.847457627118644     
 weight:         -75  0.169491525423729       0.169491525423729     
 freq:         -74 -0.677966101694915      -0.677966101694915     
 weight:         -74  0.169491525423729       0.169491525423729     
 freq:         -73 -0.588983050847458      -0.588983050847458     
 weight:         -73  8.474576271186441E-003  8.474576271186441E-003
 freq:         -72 -0.580508474576271      -0.580508474576271     
 weight:         -72  8.474576271186441E-003  8.474576271186441E-003
 freq:         -71 -0.572033898305085      -0.572033898305085     
 weight:         -71  8.474576271186441E-003  8.474576271186441E-003
 freq:         -70 -0.563559322033898      -0.563559322033898     
 weight:         -70  8.474576271186441E-003  8.474576271186441E-003
 freq:         -69 -0.555084745762712      -0.555084745762712     
 weight:         -69  8.474576271186441E-003  8.474576271186441E-003
 freq:         -68 -0.546610169491525      -0.546610169491525     
 weight:         -68  8.474576271186441E-003  8.474576271186441E-003
 freq:         -67 -0.538135593220339      -0.538135593220339     
 weight:         -67  8.474576271186441E-003  8.474576271186441E-003
 freq:         -66 -0.529661016949153      -0.529661016949153     
 weight:         -66  8.474576271186441E-003  8.474576271186441E-003
 freq:         -65 -0.521186440677966      -0.521186440677966     
 weight:         -65  8.474576271186441E-003  8.474576271186441E-003
 freq:         -64 -0.512711864406780      -0.512711864406780     
 weight:         -64  8.474576271186441E-003  8.474576271186441E-003
 freq:         -63 -0.508474576271186      -0.508474576271186     
 weight:         -63  0.000000000000000E+000  0.000000000000000E+000
 freq:         -62 -0.504237288135593      -0.504237288135593     
 weight:         -62  8.474576271186441E-003  8.474576271186441E-003
 freq:         -61 -0.495762711864407      -0.495762711864407     
 weight:         -61  8.474576271186441E-003  8.474576271186441E-003
 freq:         -60 -0.487288135593220      -0.487288135593220     
 weight:         -60  8.474576271186441E-003  8.474576271186441E-003
 freq:         -59 -0.478813559322034      -0.478813559322034     
 weight:         -59  8.474576271186441E-003  8.474576271186441E-003
 freq:         -58 -0.470338983050847      -0.470338983050847     
 weight:         -58  8.474576271186441E-003  8.474576271186441E-003
 freq:         -57 -0.461864406779661      -0.461864406779661     
 weight:         -57  8.474576271186441E-003  8.474576271186441E-003
 freq:         -56 -0.453389830508475      -0.453389830508475     
 weight:         -56  8.474576271186441E-003  8.474576271186441E-003
 freq:         -55 -0.444915254237288      -0.444915254237288     
 weight:         -55  8.474576271186441E-003  8.474576271186441E-003
 freq:         -54 -0.436440677966102      -0.436440677966102     
 weight:         -54  8.474576271186441E-003  8.474576271186441E-003
 freq:         -53 -0.427966101694915      -0.427966101694915     
 weight:         -53  8.474576271186441E-003  8.474576271186441E-003
 freq:         -52 -0.419491525423729      -0.419491525423729     
 weight:         -52  8.474576271186441E-003  8.474576271186441E-003
 freq:         -51 -0.411016949152542      -0.411016949152542     
 weight:         -51  8.474576271186441E-003  8.474576271186441E-003
 freq:         -50 -0.402542372881356      -0.402542372881356     
 weight:         -50  8.474576271186441E-003  8.474576271186441E-003
 freq:         -49 -0.394067796610169      -0.394067796610169     
 weight:         -49  8.474576271186441E-003  8.474576271186441E-003
 freq:         -48 -0.385593220338983      -0.385593220338983     
 weight:         -48  8.474576271186441E-003  8.474576271186441E-003
 freq:         -47 -0.377118644067797      -0.377118644067797     
 weight:         -47  8.474576271186441E-003  8.474576271186441E-003
 freq:         -46 -0.368644067796610      -0.368644067796610     
 weight:         -46  8.474576271186441E-003  8.474576271186441E-003
 freq:         -45 -0.360169491525424      -0.360169491525424     
 weight:         -45  8.474576271186441E-003  8.474576271186441E-003
 freq:         -44 -0.351694915254237      -0.351694915254237     
 weight:         -44  8.474576271186441E-003  8.474576271186441E-003
 freq:         -43 -0.343220338983051      -0.343220338983051     
 weight:         -43  8.474576271186441E-003  8.474576271186441E-003
 freq:         -42 -0.338983050847458      -0.338983050847458     
 weight:         -42  0.000000000000000E+000  0.000000000000000E+000
 freq:         -41 -0.334745762711864      -0.334745762711864     
 weight:         -41  8.474576271186441E-003  8.474576271186441E-003
 freq:         -40 -0.326271186440678      -0.326271186440678     
 weight:         -40  8.474576271186441E-003  8.474576271186441E-003
 freq:         -39 -0.317796610169492      -0.317796610169492     
 weight:         -39  8.474576271186441E-003  8.474576271186441E-003
 freq:         -38 -0.309322033898305      -0.309322033898305     
 weight:         -38  8.474576271186441E-003  8.474576271186441E-003
 freq:         -37 -0.300847457627119      -0.300847457627119     
 weight:         -37  8.474576271186441E-003  8.474576271186441E-003
 freq:         -36 -0.292372881355932      -0.292372881355932     
 weight:         -36  8.474576271186441E-003  8.474576271186441E-003
 freq:         -35 -0.283898305084746      -0.283898305084746     
 weight:         -35  8.474576271186441E-003  8.474576271186441E-003
 freq:         -34 -0.275423728813559      -0.275423728813559     
 weight:         -34  8.474576271186441E-003  8.474576271186441E-003
 freq:         -33 -0.266949152542373      -0.266949152542373     
 weight:         -33  8.474576271186441E-003  8.474576271186441E-003
 freq:         -32 -0.258474576271186      -0.258474576271186     
 weight:         -32  8.474576271186441E-003  8.474576271186441E-003
 freq:         -31 -0.250000000000000      -0.250000000000000     
 weight:         -31  8.474576271186441E-003  8.474576271186441E-003
 freq:         -30 -0.241525423728814      -0.241525423728814     
 weight:         -30  8.474576271186441E-003  8.474576271186441E-003
 freq:         -29 -0.233050847457627      -0.233050847457627     
 weight:         -29  8.474576271186441E-003  8.474576271186441E-003
 freq:         -28 -0.224576271186441      -0.224576271186441     
 weight:         -28  8.474576271186441E-003  8.474576271186441E-003
 freq:         -27 -0.216101694915254      -0.216101694915254     
 weight:         -27  8.474576271186441E-003  8.474576271186441E-003
 freq:         -26 -0.207627118644068      -0.207627118644068     
 weight:         -26  8.474576271186441E-003  8.474576271186441E-003
 freq:         -25 -0.199152542372881      -0.199152542372881     
 weight:         -25  8.474576271186441E-003  8.474576271186441E-003
 freq:         -24 -0.190677966101695      -0.190677966101695     
 weight:         -24  8.474576271186441E-003  8.474576271186441E-003
 freq:         -23 -0.182203389830508      -0.182203389830508     
 weight:         -23  8.474576271186441E-003  8.474576271186441E-003
 freq:         -22 -0.173728813559322      -0.173728813559322     
 weight:         -22  8.474576271186441E-003  8.474576271186441E-003
 freq:         -21 -0.169491525423729      -0.169491525423729     
 weight:         -21  0.000000000000000E+000  0.000000000000000E+000
 freq:         -20 -0.165254237288136      -0.165254237288136     
 weight:         -20  8.474576271186441E-003  8.474576271186441E-003
 freq:         -19 -0.156779661016949      -0.156779661016949     
 weight:         -19  8.474576271186441E-003  8.474576271186441E-003
 freq:         -18 -0.148305084745763      -0.148305084745763     
 weight:         -18  8.474576271186441E-003  8.474576271186441E-003
 freq:         -17 -0.139830508474576      -0.139830508474576     
 weight:         -17  8.474576271186441E-003  8.474576271186441E-003
 freq:         -16 -0.131355932203390      -0.131355932203390     
 weight:         -16  8.474576271186441E-003  8.474576271186441E-003
 freq:         -15 -0.122881355932203      -0.122881355932203     
 weight:         -15  8.474576271186441E-003  8.474576271186441E-003
 freq:         -14 -0.114406779661017      -0.114406779661017     
 weight:         -14  8.474576271186441E-003  8.474576271186441E-003
 freq:         -13 -0.105932203389831      -0.105932203389831     
 weight:         -13  8.474576271186441E-003  8.474576271186441E-003
 freq:         -12 -9.745762711864407E-002 -9.745762711864407E-002
 weight:         -12  8.474576271186441E-003  8.474576271186441E-003
 freq:         -11 -8.898305084745763E-002 -8.898305084745763E-002
 weight:         -11  8.474576271186441E-003  8.474576271186441E-003
 freq:         -10 -8.050847457627118E-002 -8.050847457627118E-002
 weight:         -10  8.474576271186441E-003  8.474576271186441E-003
 freq:          -9 -7.203389830508475E-002 -7.203389830508475E-002
 weight:          -9  8.474576271186441E-003  8.474576271186441E-003
 freq:          -8 -6.355932203389830E-002 -6.355932203389830E-002
 weight:          -8  8.474576271186441E-003  8.474576271186441E-003
 freq:          -7 -5.508474576271186E-002 -5.508474576271186E-002
 weight:          -7  8.474576271186441E-003  8.474576271186441E-003
 freq:          -6 -4.661016949152542E-002 -4.661016949152542E-002
 weight:          -6  8.474576271186441E-003  8.474576271186441E-003
 freq:          -5 -3.813559322033898E-002 -3.813559322033898E-002
 weight:          -5  8.474576271186441E-003  8.474576271186441E-003
 freq:          -4 -2.966101694915254E-002 -2.966101694915254E-002
 weight:          -4  8.474576271186441E-003  8.474576271186441E-003
 freq:          -3 -2.118644067796610E-002 -2.118644067796610E-002
 weight:          -3  8.474576271186441E-003  8.474576271186441E-003
 freq:          -2 -1.271186440677966E-002 -1.271186440677966E-002
 weight:          -2  8.474576271186441E-003  8.474576271186441E-003
 freq:          -1 -4.237288135593220E-003 -4.237288135593220E-003
 weight:          -1  8.474576271186441E-003  8.474576271186441E-003
 freq:           0  0.000000000000000E+000  0.000000000000000E+000
 weight:           0  0.000000000000000E+000  0.000000000000000E+000
 freq:           1  4.237288135593220E-003  4.237288135593220E-003
 weight:           1  8.474576271186441E-003  8.474576271186441E-003
 freq:           2  1.271186440677966E-002  1.271186440677966E-002
 weight:           2  8.474576271186441E-003  8.474576271186441E-003
 freq:           3  2.118644067796610E-002  2.118644067796610E-002
 weight:           3  8.474576271186441E-003  8.474576271186441E-003
 freq:           4  2.966101694915254E-002  2.966101694915254E-002
 weight:           4  8.474576271186441E-003  8.474576271186441E-003
 freq:           5  3.813559322033898E-002  3.813559322033898E-002
 weight:           5  8.474576271186441E-003  8.474576271186441E-003
 freq:           6  4.661016949152542E-002  4.661016949152542E-002
 weight:           6  8.474576271186441E-003  8.474576271186441E-003
 freq:           7  5.508474576271186E-002  5.508474576271186E-002
 weight:           7  8.474576271186441E-003  8.474576271186441E-003
 freq:           8  6.355932203389830E-002  6.355932203389830E-002
 weight:           8  8.474576271186441E-003  8.474576271186441E-003
 freq:           9  7.203389830508475E-002  7.203389830508475E-002
 weight:           9  8.474576271186441E-003  8.474576271186441E-003
 freq:          10  8.050847457627118E-002  8.050847457627118E-002
 weight:          10  8.474576271186441E-003  8.474576271186441E-003
 freq:          11  8.898305084745763E-002  8.898305084745763E-002
 weight:          11  8.474576271186441E-003  8.474576271186441E-003
 freq:          12  9.745762711864407E-002  9.745762711864407E-002
 weight:          12  8.474576271186441E-003  8.474576271186441E-003
 freq:          13  0.105932203389831       0.105932203389831     
 weight:          13  8.474576271186441E-003  8.474576271186441E-003
 freq:          14  0.114406779661017       0.114406779661017     
 weight:          14  8.474576271186441E-003  8.474576271186441E-003
 freq:          15  0.122881355932203       0.122881355932203     
 weight:          15  8.474576271186441E-003  8.474576271186441E-003
 freq:          16  0.131355932203390       0.131355932203390     
 weight:          16  8.474576271186441E-003  8.474576271186441E-003
 freq:          17  0.139830508474576       0.139830508474576     
 weight:          17  8.474576271186441E-003  8.474576271186441E-003
 freq:          18  0.148305084745763       0.148305084745763     
 weight:          18  8.474576271186441E-003  8.474576271186441E-003
 freq:          19  0.156779661016949       0.156779661016949     
 weight:          19  8.474576271186441E-003  8.474576271186441E-003
 freq:          20  0.165254237288136       0.165254237288136     
 weight:          20  8.474576271186441E-003  8.474576271186441E-003
 freq:          21  0.169491525423729       0.169491525423729     
 weight:          21  0.000000000000000E+000  0.000000000000000E+000
 freq:          22  0.173728813559322       0.173728813559322     
 weight:          22  8.474576271186441E-003  8.474576271186441E-003
 freq:          23  0.182203389830508       0.182203389830508     
 weight:          23  8.474576271186441E-003  8.474576271186441E-003
 freq:          24  0.190677966101695       0.190677966101695     
 weight:          24  8.474576271186441E-003  8.474576271186441E-003
 freq:          25  0.199152542372881       0.199152542372881     
 weight:          25  8.474576271186441E-003  8.474576271186441E-003
 freq:          26  0.207627118644068       0.207627118644068     
 weight:          26  8.474576271186441E-003  8.474576271186441E-003
 freq:          27  0.216101694915254       0.216101694915254     
 weight:          27  8.474576271186441E-003  8.474576271186441E-003
 freq:          28  0.224576271186441       0.224576271186441     
 weight:          28  8.474576271186441E-003  8.474576271186441E-003
 freq:          29  0.233050847457627       0.233050847457627     
 weight:          29  8.474576271186441E-003  8.474576271186441E-003
 freq:          30  0.241525423728814       0.241525423728814     
 weight:          30  8.474576271186441E-003  8.474576271186441E-003
 freq:          31  0.250000000000000       0.250000000000000     
 weight:          31  8.474576271186441E-003  8.474576271186441E-003
 freq:          32  0.258474576271186       0.258474576271186     
 weight:          32  8.474576271186441E-003  8.474576271186441E-003
 freq:          33  0.266949152542373       0.266949152542373     
 weight:          33  8.474576271186441E-003  8.474576271186441E-003
 freq:          34  0.275423728813559       0.275423728813559     
 weight:          34  8.474576271186441E-003  8.474576271186441E-003
 freq:          35  0.283898305084746       0.283898305084746     
 weight:          35  8.474576271186441E-003  8.474576271186441E-003
 freq:          36  0.292372881355932       0.292372881355932     
 weight:          36  8.474576271186441E-003  8.474576271186441E-003
 freq:          37  0.300847457627119       0.300847457627119     
 weight:          37  8.474576271186441E-003  8.474576271186441E-003
 freq:          38  0.309322033898305       0.309322033898305     
 weight:          38  8.474576271186441E-003  8.474576271186441E-003
 freq:          39  0.317796610169492       0.317796610169492     
 weight:          39  8.474576271186441E-003  8.474576271186441E-003
 freq:          40  0.326271186440678       0.326271186440678     
 weight:          40  8.474576271186441E-003  8.474576271186441E-003
 freq:          41  0.334745762711864       0.334745762711864     
 weight:          41  8.474576271186441E-003  8.474576271186441E-003
 freq:          42  0.338983050847458       0.338983050847458     
 weight:          42  0.000000000000000E+000  0.000000000000000E+000
 freq:          43  0.343220338983051       0.343220338983051     
 weight:          43  8.474576271186441E-003  8.474576271186441E-003
 freq:          44  0.351694915254237       0.351694915254237     
 weight:          44  8.474576271186441E-003  8.474576271186441E-003
 freq:          45  0.360169491525424       0.360169491525424     
 weight:          45  8.474576271186441E-003  8.474576271186441E-003
 freq:          46  0.368644067796610       0.368644067796610     
 weight:          46  8.474576271186441E-003  8.474576271186441E-003
 freq:          47  0.377118644067797       0.377118644067797     
 weight:          47  8.474576271186441E-003  8.474576271186441E-003
 freq:          48  0.385593220338983       0.385593220338983     
 weight:          48  8.474576271186441E-003  8.474576271186441E-003
 freq:          49  0.394067796610169       0.394067796610169     
 weight:          49  8.474576271186441E-003  8.474576271186441E-003
 freq:          50  0.402542372881356       0.402542372881356     
 weight:          50  8.474576271186441E-003  8.474576271186441E-003
 freq:          51  0.411016949152542       0.411016949152542     
 weight:          51  8.474576271186441E-003  8.474576271186441E-003
 freq:          52  0.419491525423729       0.419491525423729     
 weight:          52  8.474576271186441E-003  8.474576271186441E-003
 freq:          53  0.427966101694915       0.427966101694915     
 weight:          53  8.474576271186441E-003  8.474576271186441E-003
 freq:          54  0.436440677966102       0.436440677966102     
 weight:          54  8.474576271186441E-003  8.474576271186441E-003
 freq:          55  0.444915254237288       0.444915254237288     
 weight:          55  8.474576271186441E-003  8.474576271186441E-003
 freq:          56  0.453389830508475       0.453389830508475     
 weight:          56  8.474576271186441E-003  8.474576271186441E-003
 freq:          57  0.461864406779661       0.461864406779661     
 weight:          57  8.474576271186441E-003  8.474576271186441E-003
 freq:          58  0.470338983050847       0.470338983050847     
 weight:          58  8.474576271186441E-003  8.474576271186441E-003
 freq:          59  0.478813559322034       0.478813559322034     
 weight:          59  8.474576271186441E-003  8.474576271186441E-003
 freq:          60  0.487288135593220       0.487288135593220     
 weight:          60  8.474576271186441E-003  8.474576271186441E-003
 freq:          61  0.495762711864407       0.495762711864407     
 weight:          61  8.474576271186441E-003  8.474576271186441E-003
 freq:          62  0.504237288135593       0.504237288135593     
 weight:          62  8.474576271186441E-003  8.474576271186441E-003
 freq:          63  0.508474576271186       0.508474576271186     
 weight:          63  0.000000000000000E+000  0.000000000000000E+000
 freq:          64  0.512711864406780       0.512711864406780     
 weight:          64  8.474576271186441E-003  8.474576271186441E-003
 freq:          65  0.521186440677966       0.521186440677966     
 weight:          65  8.474576271186441E-003  8.474576271186441E-003
 freq:          66  0.529661016949153       0.529661016949153     
 weight:          66  8.474576271186441E-003  8.474576271186441E-003
 freq:          67  0.538135593220339       0.538135593220339     
 weight:          67  8.474576271186441E-003  8.474576271186441E-003
 freq:          68  0.546610169491525       0.546610169491525     
 weight:          68  8.474576271186441E-003  8.474576271186441E-003
 freq:          69  0.555084745762712       0.555084745762712     
 weight:          69  8.474576271186441E-003  8.474576271186441E-003
 freq:          70  0.563559322033898       0.563559322033898     
 weight:          70  8.474576271186441E-003  8.474576271186441E-003
 freq:          71  0.572033898305085       0.572033898305085     
 weight:          71  8.474576271186441E-003  8.474576271186441E-003
 freq:          72  0.580508474576271       0.580508474576271     
 weight:          72  8.474576271186441E-003  8.474576271186441E-003
 freq:          73  0.588983050847458       0.588983050847458     
 weight:          73  8.474576271186441E-003  8.474576271186441E-003
 freq:          74  0.677966101694915       0.677966101694915     
 weight:          74  0.169491525423729       0.169491525423729     
 freq:          75  0.847457627118644       0.847457627118644     
 weight:          75  0.169491525423729       0.169491525423729     
 freq:          76   1.01694915254237        1.01694915254237     
 weight:          76  0.169491525423729       0.169491525423729     
 freq:          77   1.18644067796610        1.18644067796610     
 weight:          77  0.169491525423729       0.169491525423729     
 freq:          78   1.35593220338983        1.35593220338983     
 weight:          78  0.169491525423729       0.169491525423729     
 freq:          79   1.52542372881356        1.52542372881356     
 weight:          79  0.169491525423729       0.169491525423729     
 freq:          80   1.69491525423729        1.69491525423729     
 weight:          80  0.169491525423729       0.169491525423729     
 freq:          81   1.86440677966102        1.86440677966102     
 weight:          81  0.169491525423729       0.169491525423729     
 freq:          82   2.03389830508475        2.03389830508475     
 weight:          82  0.169491525423729       0.169491525423729     
 freq:          83   2.20338983050847        2.20338983050847     
 weight:          83  0.169491525423729       0.169491525423729     
 freq:          84   2.37288135593220        2.37288135593220     
 weight:          84  0.169491525423729       0.169491525423729     
 freq:          85   2.54237288135593        2.54237288135593     
 weight:          85  0.169491525423729       0.169491525423729     
 freq:          86   2.71186440677966        2.71186440677966     
 weight:          86  0.169491525423729       0.169491525423729     
 freq:          87   2.88135593220339        2.88135593220339     
 weight:          87  0.169491525423729       0.169491525423729     
 freq:          88   3.05084745762712        3.05084745762712     
 weight:          88  0.169491525423729       0.169491525423729     
 freq:          89   3.22033898305085        3.22033898305085     
 weight:          89  0.169491525423729       0.169491525423729     
 freq:          90   3.38983050847458        3.38983050847458     
 weight:          90  0.169491525423729       0.169491525423729     
 freq:          91   3.55932203389830        3.55932203389830     
 weight:          91  0.169491525423729       0.169491525423729     
 freq:          92   3.72881355932203        3.72881355932203     
 weight:          92  0.169491525423729       0.169491525423729     
 freq:          93   3.89830508474576        3.89830508474576     
 weight:          93  0.169491525423729       0.169491525423729     
 freq:          94   4.06779661016949        4.06779661016949     
 weight:          94  0.169491525423729       0.169491525423729     
 freq:          95   4.23728813559322        4.23728813559322     
 weight:          95  0.169491525423729       0.169491525423729     
 freq:          96   4.40677966101695        4.40677966101695     
 weight:          96  0.169491525423729       0.169491525423729     
 freq:          97   4.57627118644068        4.57627118644068     
 weight:          97  0.169491525423729       0.169491525423729     
 freq:          98   4.74576271186441        4.74576271186441     
 weight:          98  0.169491525423729       0.169491525423729     
 freq:          99   4.91525423728813        4.91525423728813     
 weight:          99  0.169491525423729       0.169491525423729     
 freq:         100   5.08474576271186        5.08474576271186     
 weight:         100  0.169491525423729       0.169491525423729     
 freq:         101   5.25423728813559        5.25423728813559     
 weight:         101  0.169491525423729       0.169491525423729     
 freq:         102   5.42372881355932        5.42372881355932     
 weight:         102  0.169491525423729       0.169491525423729     
 freq:         103   5.59322033898305        5.59322033898305     
 weight:         103  0.169491525423729       0.169491525423729     
 freq:         104   5.76271186440678        5.76271186440678     
 weight:         104  0.169491525423729       0.169491525423729     
 freq:         105   5.93220338983051        5.93220338983051     
 weight:         105  0.169491525423729       0.169491525423729     
 freq:         106   6.10169491525424        6.10169491525424     
 weight:         106  0.169491525423729       0.169491525423729     
 freq:         107   6.27118644067797        6.27118644067797     
 weight:         107  0.169491525423729       0.169491525423729     
 freq:         108   6.44067796610169        6.44067796610169     
 weight:         108  0.169491525423729       0.169491525423729     
 freq:         109   6.61016949152542        6.61016949152542     
 weight:         109  0.169491525423729       0.169491525423729     
 freq:         110   6.77966101694915        6.77966101694915     
 weight:         110  0.169491525423729       0.169491525423729     
 freq:         111   6.94915254237288        6.94915254237288     
 weight:         111  0.169491525423729       0.169491525423729     
 freq:         112   7.11864406779661        7.11864406779661     
 weight:         112  0.169491525423729       0.169491525423729     
 freq:         113   7.28813559322034        7.28813559322034     
 weight:         113  0.169491525423729       0.169491525423729     
 freq:         114   7.45762711864407        7.45762711864407     
 weight:         114  0.169491525423729       0.169491525423729     
 freq:         115   7.62711864406780        7.62711864406780     
 weight:         115  0.169491525423729       0.169491525423729     
 freq:         116   7.79661016949153        7.79661016949153     
 weight:         116  0.169491525423729       0.169491525423729     
 freq:         117   7.96610169491525        7.96610169491525     
 weight:         117  0.169491525423729       0.169491525423729     
 freq:         118   8.13559322033898        8.13559322033898     
 weight:         118  0.169491525423729       0.169491525423729     
 freq:         119   8.30508474576271        8.30508474576271     
 weight:         119  0.169491525423729       0.169491525423729     
 freq:         120   8.47457627118644        8.47457627118644     
 weight:         120  0.169491525423729       0.169491525423729     
 freq:         121   8.64406779661017        8.64406779661017     
 weight:         121  0.169491525423729       0.169491525423729     
 freq:         122   8.81355932203390        8.81355932203390     
 weight:         122  0.169491525423729       0.169491525423729     
 freq:         123   8.98305084745763        8.98305084745763     
 weight:         123  0.169491525423729       0.169491525423729     
 freq:         124   9.15254237288136        9.15254237288136     
 weight:         124  0.169491525423729       0.169491525423729     
 freq:         125   9.32203389830508        9.32203389830508     
 weight:         125  0.169491525423729       0.169491525423729     
 freq:         126   9.49152542372881        9.49152542372881     
 weight:         126  0.169491525423729       0.169491525423729     
 freq:         127   9.66101694915254        9.66101694915254     
 weight:         127  0.169491525423729       0.169491525423729     
 freq:         128   9.83050847457627        9.83050847457627     
 weight:         128  0.169491525423729       0.169491525423729     
 freq:         129   10.0000000000000        10.0000000000000     
 weight:         129  0.169491525423729       0.169491525423729     
 freq:         130   10.1694915254237        10.1694915254237     
 weight:         130  0.169491525423729       0.169491525423729     
 freq:         131   10.3389830508475        10.3389830508475     
 weight:         131  0.169491525423729       0.169491525423729     
 freq:         132   10.5084745762712        10.5084745762712     
 weight:         132  0.169491525423729       0.169491525423729     
 freq:         133   10.6779661016949        10.6779661016949     
 weight:         133  0.169491525423729       0.169491525423729     
 freq:         134   10.8474576271186        10.8474576271186     
 weight:         134  0.169491525423729       0.169491525423729     
 freq:         135   11.0169491525424        11.0169491525424     
 weight:         135  0.169491525423729       0.169491525423729     
 freq:         136   11.1864406779661        11.1864406779661     
 weight:         136  0.169491525423729       0.169491525423729     
 freq:         137   11.3559322033898        11.3559322033898     
 weight:         137  0.169491525423729       0.169491525423729     
 freq:         138   11.5254237288136        11.5254237288136     
 weight:         138  0.169491525423729       0.169491525423729     
 freq:         139   11.6949152542373        11.6949152542373     
 weight:         139  0.169491525423729       0.169491525423729     
 freq:         140   11.8644067796610        11.8644067796610     
 weight:         140  0.169491525423729       0.169491525423729     
 freq:         141   12.0338983050847        12.0338983050847     
 weight:         141  0.169491525423729       0.169491525423729     
 freq:         142   12.2033898305085        12.2033898305085     
 weight:         142  0.169491525423729       0.169491525423729     
 freq:         143   12.3728813559322        12.3728813559322     
 weight:         143  0.169491525423729       0.169491525423729     
 freq:         144   12.5423728813559        12.5423728813559     
 weight:         144  0.169491525423729       0.169491525423729     
 freq:         145   12.7118644067797        12.7118644067797     
 weight:         145  0.169491525423729       0.169491525423729     
 freq:         146   12.8813559322034        12.8813559322034     
 weight:         146  0.169491525423729       0.169491525423729     
 freq:         147   13.0508474576271        13.0508474576271     
 weight:         147  0.169491525423729       0.169491525423729     
 freq:         148   13.2203389830508        13.2203389830508     
 weight:         148  0.169491525423729       0.169491525423729     
 freq:         149   13.3898305084746        13.3898305084746     
 weight:         149  0.169491525423729       0.169491525423729     
 freq:         150   13.5593220338983        13.5593220338983     
 weight:         150  0.169491525423729       0.169491525423729     
 freq:         151   13.7288135593220        13.7288135593220     
 weight:         151  0.169491525423729       0.169491525423729     
 freq:         152   13.8983050847458        13.8983050847458     
 weight:         152  0.169491525423729       0.169491525423729     
 freq:         153   14.0677966101695        14.0677966101695     
 weight:         153  0.169491525423729       0.169491525423729     
 freq:         154   14.2372881355932        14.2372881355932     
 weight:         154  0.169491525423729       0.169491525423729     
 freq:         155   14.4067796610169        14.4067796610169     
 weight:         155  0.169491525423729       0.169491525423729     
 freq:         156   14.5762711864407        14.5762711864407     
 weight:         156  0.169491525423729       0.169491525423729     
 freq:         157   14.7457627118644        14.7457627118644     
 weight:         157  0.169491525423729       0.169491525423729     
 freq:         158   14.9152542372881        14.9152542372881     
 weight:         158  0.169491525423729       0.169491525423729     
 freq:         159   15.0847457627119        15.0847457627119     
 weight:         159  0.169491525423729       0.169491525423729     
 freq:         160   15.2542372881356        15.2542372881356     
 weight:         160  0.169491525423729       0.169491525423729     
 freq:         161   15.4237288135593        15.4237288135593     
 weight:         161  0.169491525423729       0.169491525423729     
 freq:         162   15.5932203389831        15.5932203389831     
 weight:         162  0.169491525423729       0.169491525423729     
 freq:         163   15.7627118644068        15.7627118644068     
 weight:         163  0.169491525423729       0.169491525423729     
 freq:         164   15.9322033898305        15.9322033898305     
 weight:         164  0.169491525423729       0.169491525423729     
 freq:         165   16.1016949152542        16.1016949152542     
 weight:         165  0.169491525423729       0.169491525423729     
 freq:         166   16.2711864406780        16.2711864406780     
 weight:         166  0.169491525423729       0.169491525423729     
 freq:         167   16.4406779661017        16.4406779661017     
 weight:         167  0.169491525423729       0.169491525423729     
 freq:         168   16.6101694915254        16.6101694915254     
 weight:         168  0.169491525423729       0.169491525423729     
 freq:         169   16.7796610169492        16.7796610169492     
 weight:         169  0.169491525423729       0.169491525423729     
 freq:         170   16.9491525423729        16.9491525423729     
 weight:         170  0.169491525423729       0.169491525423729     
 freq:         171   17.1186440677966        17.1186440677966     
 weight:         171  0.169491525423729       0.169491525423729     
 freq:         172   17.2881355932203        17.2881355932203     
 weight:         172  0.169491525423729       0.169491525423729     
 freq:         173   17.4576271186441        17.4576271186441     
 weight:         173  0.169491525423729       0.169491525423729     
 freq:         174   17.6271186440678        17.6271186440678     
 weight:         174  0.169491525423729       0.169491525423729     
 freq:         175   17.7966101694915        17.7966101694915     
 weight:         175  0.169491525423729       0.169491525423729     
 freq:         176   17.9661016949153        17.9661016949153     
 weight:         176  0.169491525423729       0.169491525423729     
 freq:         177   18.1355932203390        18.1355932203390     
 weight:         177  0.169491525423729       0.169491525423729     
 freq:         178   18.3050847457627        18.3050847457627     
 weight:         178  0.169491525423729       0.169491525423729     
 freq:         179   18.4745762711864        18.4745762711864     
 weight:         179  0.169491525423729       0.169491525423729     
 freq:         180   18.6440677966102        18.6440677966102     
 weight:         180  0.169491525423729       0.169491525423729     
 freq:         181   18.8135593220339        18.8135593220339     
 weight:         181  0.169491525423729       0.169491525423729     
 freq:         182   18.9830508474576        18.9830508474576     
 weight:         182  0.169491525423729       0.169491525423729     
 freq:         183   19.1525423728814        19.1525423728814     
 weight:         183  0.169491525423729       0.169491525423729     
 freq:         184   19.3220338983051        19.3220338983051     
 weight:         184  0.169491525423729       0.169491525423729     
 freq:         185   19.4915254237288        19.4915254237288     
 weight:         185  0.169491525423729       0.169491525423729     
 freq:         186   19.6610169491525        19.6610169491525     
 weight:         186  0.169491525423729       0.169491525423729     
 freq:         187   19.8305084745763        19.8305084745763     
 weight:         187  0.169491525423729       0.169491525423729     
 freq:         188   20.0000000000000        20.0000000000000     
 weight:         188  0.169491525423729       0.169491525423729     
 ENE H (4.94174480438232,0.000000000000000E+000)
 (4.49038410186768,0.000000000000000E+000)
 (4.49038362503052,0.000000000000000E+000)
 (4.49038362503052,0.000000000000000E+000)
 (0.362031757831573,0.000000000000000E+000)
 Routine calculate_compact_pola_lanczos
 *******************************
      RESTART FROM POINT 3
 *******************************
 Routine: do_polarization_lanczos
           0           1           0
           0           1           0
           0           1           0
         139           1          20
 Lanczos dimensions         139          20
  Lanczos elemets:           1   24.2229487945839        12.5700043893808     
  Lanczos elemets:           2   22.6480291214699        11.8740066246886     
  Lanczos elemets:           3   20.3872314021308        12.9256196384268     
  Lanczos elemets:           4   18.6250350895890        12.5558589235175     
  Lanczos elemets:           5   15.1201186428384        11.6288467083422     
  Lanczos elemets:           6   17.5576743331183        12.3561261764916     
  Lanczos elemets:           7   22.1620241915489        12.7673417345873     
  Lanczos elemets:           8   24.6713916147525        12.1955570710672     
  Lanczos elemets:           9   21.1180352830876        12.6434968633597     
  Lanczos elemets:          10   28.7801455429763        10.6332741074849     
  Lanczos elemets:          11   22.4873703044687        11.6746976313865     
  Lanczos elemets:          12   22.5047641794480        12.1469579123801     
  Lanczos elemets:          13   18.4600096153016        12.5104188223062     
  Lanczos elemets:          14   16.9537595174067        11.1402808973806     
  Lanczos elemets:          15   17.3555840254458        11.3201311642227     
  Lanczos elemets:          16   17.5669597366760        11.2451995299639     
  Lanczos elemets:          17   15.7381930024030        10.1453241149742     
  Lanczos elemets:          18   15.0642895709415        10.1982122542352     
  Lanczos elemets:          19   15.1934537952415        10.1374580942386     
  Lanczos elemets:          20   15.1309859921239        10.4595821103467     
  Lanczos elemets:          21   13.5272333779689        10.9337508375389     
  Lanczos elemets:          22   16.9071355427343        11.3285093925167     
  Lanczos elemets:          23   14.5893913923973        13.0391393845318     
  Lanczos elemets:          24   17.3154660205717        12.2711894623728     
  Lanczos elemets:          25   19.0769928600412        12.9425396684026     
  Lanczos elemets:          26   19.4170788289289        12.2476033799036     
  Lanczos elemets:          27   14.6386873041127        11.4095359002313     
  Lanczos elemets:          28   15.2430998981098        11.0458285439019     
  Lanczos elemets:          29   18.9244372879380        13.2155825044054     
  Lanczos elemets:          30   15.3095060861887        11.9787823054932     
  Lanczos elemets:          31   12.8503298275585        10.4073914882423     
  Lanczos elemets:          32   15.4161596898939        12.5641484158744     
  Lanczos elemets:          33   25.5309504871891        11.9517166802736     
  Lanczos elemets:          34   15.0612387148136        11.1274659537161     
  Lanczos elemets:          35   16.9704573927966        12.5631395937605     
  Lanczos elemets:          36   26.5288723026497        11.7321697539809     
  Lanczos elemets:          37   18.5332390890573        11.9792561995557     
  Lanczos elemets:          38   21.0796341400388        11.9907651913709     
  Lanczos elemets:          39   18.2813450955506        11.8997573293354     
  Lanczos elemets:          40   15.9150699892079        11.5479197916117     
  Lanczos elemets:          41   15.4567100256512        10.3563132559838     
  Lanczos elemets:          42   21.9013335272706        11.8966586820198     
  Lanczos elemets:          43   13.7032569376235        9.21673906066311     
  Lanczos elemets:          44   14.3538286310842        10.5949992461128     
  Lanczos elemets:          45   12.8650087835230        9.80173514913692     
  Lanczos elemets:          46   14.3838177409225        10.3520398789180     
  Lanczos elemets:          47   15.6976939306573        11.1664021220349     
  Lanczos elemets:          48   12.8888134167705        10.9160443692301     
  Lanczos elemets:          49   13.3561557312070        10.4076580072709     
  Lanczos elemets:          50   12.2629217532416        9.69417950928736     
  Lanczos elemets:          51   11.3625711369111        10.0820894403935     
  Lanczos elemets:          52   13.0419635475900        10.5526417870789     
  Lanczos elemets:          53   12.5383205750189        11.0846529135435     
  Lanczos elemets:          54   9.39977523303090        8.19207688250679     
  Lanczos elemets:          55   11.1137998353386        9.31713859118841     
  Lanczos elemets:          56   10.7071941706782        9.27200602985678     
  Lanczos elemets:          57   18.0656303771497        12.4839975078959     
  Lanczos elemets:          58   11.8941352488228        10.7069756041575     
  Lanczos elemets:          59   8.76669569532143        9.34058719015173     
  Lanczos elemets:          60   10.1990437069048        8.29192747461456     
  Lanczos elemets:          61   18.3073996032353        12.0673335893184     
  Lanczos elemets:          62   23.3257386271345        13.2705260920385     
  Lanczos elemets:          63   10.8290703123304        10.0046687167837     
  Lanczos elemets:          64   14.1857673711176        10.5022541649114     
  Lanczos elemets:          65   13.2509728233992        10.2502009362440     
  Lanczos elemets:          66   13.6395607087058        11.5270849413095     
  Lanczos elemets:          67   19.3456142981335        12.7744013855008     
  Lanczos elemets:          68   11.2393370848958        10.7979469803169     
  Lanczos elemets:          69   11.9601298099113        10.9208172573727     
  Lanczos elemets:          70   13.0077232527879        11.0631032335913     
  Lanczos elemets:          71   13.2098025393715        8.89325512458970     
  Lanczos elemets:          72   17.8106765007449        12.3212539264789     
  Lanczos elemets:          73   15.2060865216628        11.1955547006235     
  Lanczos elemets:          74   12.1449447243389        9.08040723021243     
  Lanczos elemets:          75   10.3405112959009        7.86275179772653     
  Lanczos elemets:          76   12.4170773343045        9.51283614562274     
  Lanczos elemets:          77   9.13732515666752        8.73362937731643     
  Lanczos elemets:          78   14.3371389029676        10.6349261146869     
  Lanczos elemets:          79   10.3977579602047        10.1410610768642     
  Lanczos elemets:          80   18.3486673962138        10.8962895549233     
  Lanczos elemets:          81   11.0512127966682        8.85495379334830     
  Lanczos elemets:          82   15.9288361614566        10.6061936158644     
  Lanczos elemets:          83   8.11592642704674        7.24836821427885     
  Lanczos elemets:          84   11.5452588912629        9.49803596422189     
  Lanczos elemets:          85   8.86628462315293        7.71361484335497     
  Lanczos elemets:          86   9.38543425553668        7.94917039752494     
  Lanczos elemets:          87   10.5130722983477        8.38886612073231     
  Lanczos elemets:          88   10.7481959843487        9.32248033729351     
  Lanczos elemets:          89   9.67879971641073        8.13398395091726     
  Lanczos elemets:          90   7.39672384261747        5.47552579856721     
  Lanczos elemets:          91   7.55363189402352        6.99452117189298     
  Lanczos elemets:          92   7.68077534690758        7.09501277250211     
  Lanczos elemets:          93   7.87921680608366        8.47958902916211     
  Lanczos elemets:          94   6.59485838745787        5.99826892745604     
  Lanczos elemets:          95   6.64609103001015        6.12063877940970     
  Lanczos elemets:          96   7.76984574105568        6.20271892394968     
  Lanczos elemets:          97   8.02540987749576        6.65066724926878     
  Lanczos elemets:          98   7.93461403288767        6.55108738937422     
  Lanczos elemets:          99   7.74318820980176        5.56556580196902     
  Lanczos elemets:         100   7.81691467808476        5.73743549620809     
  Lanczos elemets:         101   9.45785237010680        5.83169915226275     
  Lanczos elemets:         102   14.3663173821005        9.98862676164757     
  Lanczos elemets:         103   8.11468071385088        6.49745251915788     
  Lanczos elemets:         104   8.09080638310020        6.59981306936387     
  Lanczos elemets:         105   9.84337885223490        7.54119099222876     
  Lanczos elemets:         106   10.3141291206698        8.94426395100662     
  Lanczos elemets:         107   10.4665594147580        9.28032759376808     
  Lanczos elemets:         108   7.66517579642611        8.22774739035202     
  Lanczos elemets:         109   7.57393359013937        8.02059364289131     
  Lanczos elemets:         110   7.51206441530719        7.77431441805531     
  Lanczos elemets:         111   7.56858207448749        8.50022976967223     
  Lanczos elemets:         112   12.4181185510879        9.85008769963085     
  Lanczos elemets:         113   13.0745197386765        9.89692672394179     
  Lanczos elemets:         114   12.1842868177782        9.50697397634318     
  Lanczos elemets:         115   12.7792597259365        9.58484765108748     
  Lanczos elemets:         116   9.44617154932391        8.21942527739028     
  Lanczos elemets:         117   8.09646945462110        6.23934413555457     
  Lanczos elemets:         118   8.29164914413207        6.54656724262326     
  Lanczos elemets:         119   9.08628244952147        7.49258214883328     
  Lanczos elemets:         120   6.95165648613103        4.80333606978013     
  Lanczos elemets:         121   17.5495204476313        10.8758110686307     
  Lanczos elemets:         122   17.4925619773183        10.8670870553694     
  Lanczos elemets:         123   8.84973567566301        8.71492936324476     
  Lanczos elemets:         124   10.6493431790380        8.12132421790908     
  Lanczos elemets:         125   13.5404421042092        9.34569524306834     
  Lanczos elemets:         126   13.5286335324203        9.35244211328981     
  Lanczos elemets:         127   12.6135722998595        10.9350913942508     
  Lanczos elemets:         128   7.57479961552195        6.77704865690840     
  Lanczos elemets:         129   7.60150584891643        6.78502837531105     
  Lanczos elemets:         130   7.66289590154435        6.57682957980801     
  Lanczos elemets:         131   7.71558905675715        6.61628987955690     
  Lanczos elemets:         132   9.75947701320412        8.81082037690314     
  Lanczos elemets:         133   7.72284136414488        7.22622865908504     
  Lanczos elemets:         134   7.63371523237117        7.15403938790493     
  Lanczos elemets:         135   6.93892940475190        6.51617028388488     
  Lanczos elemets:         136   8.16815509086935        7.60899630040427     
  Lanczos elemets:         137   8.17149909132746        7.60256400921253     
  Lanczos elemets:         138   8.34682113664808        7.20235223717798     
  Lanczos elemets:         139   7.37707472605250        7.52128833232123     
 do_polarization_lanczos1           0 F
 do_polarization_lanczos iv           1
 do_polarization_lanczos1           1 F
 do_polarization_lanczos iv           1
 do_polarization_lanczos1           2 F
 do_polarization_lanczos iv           1
 do_polarization_lanczos1           3 F
 do_polarization_lanczos iv           1
 do_polarization_lanczos1           4 F
 do_polarization_lanczos iv           1
 do_polarization_lanczos1           5 F
 do_polarization_lanczos iv           1
 do_polarization_lanczos1           6 F
 do_polarization_lanczos iv           1
 do_polarization_lanczos1           7 F
 do_polarization_lanczos iv           1
 do_polarization_lanczos1           8 F
 do_polarization_lanczos iv           1
 do_polarization_lanczos1           9 F
 do_polarization_lanczos iv           1
 do_polarization_lanczos1          10 F
 do_polarization_lanczos iv           1
 do_polarization_lanczos1          11 F
 do_polarization_lanczos iv           1
 do_polarization_lanczos1          12 F
 do_polarization_lanczos iv           1
 do_polarization_lanczos1          13 F
 do_polarization_lanczos iv           1
 do_polarization_lanczos1          14 F
 do_polarization_lanczos iv           1
 do_polarization_lanczos1          15 F
 do_polarization_lanczos iv           1
 do_polarization_lanczos1          16 F
 do_polarization_lanczos iv           1
 do_polarization_lanczos1          17 F
 do_polarization_lanczos iv           1
 do_polarization_lanczos1          18 F
 do_polarization_lanczos iv           1
 do_polarization_lanczos1          19 F
 do_polarization_lanczos iv           1
 do_polarization_lanczos1          20 F
 do_polarization_lanczos iv           1
 do_polarization_lanczos1          21 F
 do_polarization_lanczos iv           1
 do_polarization_lanczos1          22 F
 do_polarization_lanczos iv           1
 do_polarization_lanczos1          23 F
 do_polarization_lanczos iv           1
 do_polarization_lanczos1          24 F
 do_polarization_lanczos iv           1
 do_polarization_lanczos1          25 F
 do_polarization_lanczos iv           1
 do_polarization_lanczos1          26 F
 do_polarization_lanczos iv           1
 do_polarization_lanczos1          27 F
 do_polarization_lanczos iv           1
 do_polarization_lanczos1          28 F
 do_polarization_lanczos iv           1
 do_polarization_lanczos1          29 F
 do_polarization_lanczos iv           1
 do_polarization_lanczos1          30 F
 do_polarization_lanczos iv           1
 do_polarization_lanczos1          31 F
 do_polarization_lanczos iv           1
 do_polarization_lanczos1          32 F
 do_polarization_lanczos iv           1
 do_polarization_lanczos1          33 F
 do_polarization_lanczos iv           1
 do_polarization_lanczos1          34 F
 do_polarization_lanczos iv           1
 do_polarization_lanczos1          35 F
 do_polarization_lanczos iv           1
 do_polarization_lanczos1          36 F
 do_polarization_lanczos iv           1
 do_polarization_lanczos1          37 F
 do_polarization_lanczos iv           1
 do_polarization_lanczos1          38 F
 do_polarization_lanczos iv           1
 do_polarization_lanczos1          39 F
 do_polarization_lanczos iv           1
 do_polarization_lanczos1          40 F
 do_polarization_lanczos iv           1
 do_polarization_lanczos1          41 F
 do_polarization_lanczos iv           1
 do_polarization_lanczos1          42 F
 do_polarization_lanczos iv           1
 do_polarization_lanczos1          43 F
 do_polarization_lanczos iv           1
 do_polarization_lanczos1          44 F
 do_polarization_lanczos iv           1
 do_polarization_lanczos1          45 F
 do_polarization_lanczos iv           1
 do_polarization_lanczos1          46 F
 do_polarization_lanczos iv           1
 do_polarization_lanczos1          47 F
 do_polarization_lanczos iv           1
 Call go_dressed_w
           0
 Read polaw          50
 call calculate_w           0
           1
 Read polaw          50
 call calculate_w           1
           2
 Read polaw          50
 call calculate_w           2
           3
 Read polaw          50
 call calculate_w           3
           4
 Read polaw          50
 call calculate_w           4
           5
 Read polaw          50
 call calculate_w           5
           6
 Read polaw          50
 call calculate_w           6
           7
 Read polaw          50
 call calculate_w           7
           8
 Read polaw          50
 call calculate_w           8
           9
 Read polaw          50
 call calculate_w           9
          10
 Read polaw          50
 call calculate_w          10
          11
 Read polaw          50
 call calculate_w          11
          12
 Read polaw          50
 call calculate_w          12
          13
 Read polaw          50
 call calculate_w          13
          14
 Read polaw          50
 call calculate_w          14
          15
 Read polaw          50
 call calculate_w          15
          16
 Read polaw          50
 call calculate_w          16
          17
 Read polaw          50
 call calculate_w          17
          18
 Read polaw          50
 call calculate_w          18
          19
 Read polaw          50
 call calculate_w          19
          20
 Read polaw          50
 call calculate_w          20
          21
 Read polaw          50
 call calculate_w          21
          22
 Read polaw          50
 call calculate_w          22
          23
 Read polaw          50
 call calculate_w          23
          24
 Read polaw          50
 call calculate_w          24
          25
 Read polaw          50
 call calculate_w          25
          26
 Read polaw          50
 call calculate_w          26
          27
 Read polaw          50
 call calculate_w          27
          28
 Read polaw          50
 call calculate_w          28
          29
 Read polaw          50
 call calculate_w          29
          30
 Read polaw          50
 call calculate_w          30
          31
 Read polaw          50
 call calculate_w          31
          32
 Read polaw          50
 call calculate_w          32
          33
 Read polaw          50
 call calculate_w          33
          34
 Read polaw          50
 call calculate_w          34
          35
 Read polaw          50
 call calculate_w          35
          36
 Read polaw          50
 call calculate_w          36
          37
 Read polaw          50
 call calculate_w          37
          38
 Read polaw          50
 call calculate_w          38
          39
 Read polaw          50
 call calculate_w          39
          40
 Read polaw          50
 call calculate_w          40
          41
 Read polaw          50
 call calculate_w          41
          42
 Read polaw          50
 call calculate_w          42
          43
 Read polaw          50
 call calculate_w          43
          44
 Read polaw          50
 call calculate_w          44
          45
 Read polaw          50
 call calculate_w          45
          46
 Read polaw          50
 call calculate_w          46
          47
 Read polaw          50
 call calculate_w          47
 Trasform W to Pgreek
 Read polaw          50
 Read polaw          50
 Read polaw          50
 Read polaw          50
 Read polaw          50
 Read polaw          50
 Read polaw          50
 Read polaw          50
 Read polaw          50
 Read polaw          50
 Read polaw          50
 Read polaw          50
 Read polaw          50
 Read polaw          50
 Read polaw          50
 Read polaw          50
 Read polaw          50
 Read polaw          50
 Read polaw          50
 Read polaw          50
 Read polaw          50
 Read polaw          50
 Read polaw          50
 Read polaw          50
 Read polaw          50
 Read polaw          50
 Read polaw          50
 Read polaw          50
 Read polaw          50
 Read polaw          50
 Read polaw          50
 Read polaw          50
 Read polaw          50
 Read polaw          50
 Read polaw          50
 Read polaw          50
 Read polaw          50
 Read polaw          50
 Read polaw          50
 Read polaw          50
 Read polaw          50
 Read polaw          50
 Read polaw          50
 Read polaw          50
 Read polaw          50
 Read polaw          50
 Read polaw          50
 Read polaw          50
 Done
 *******************************
      RESTART FROM POINT 6
 *******************************
 Routine do_self_lanczos_time
 Read polaw          50
 Read polaw          50
 Read polaw          50
 Read polaw          50
 Read polaw          50
 Read polaw          50
 Read polaw          50
 Read polaw          50
 Read polaw          50
 Read polaw          50
 Read polaw          50
 Read polaw          50
 Read polaw          50
 Read polaw          50
 Read polaw          50
 Read polaw          50
 Read polaw          50
 Read polaw          50
 Read polaw          50
 Read polaw          50
 Read polaw          50
 Read polaw          50
 Read polaw          50
 Read polaw          50
 Read polaw          50
 Read polaw          50
 Read polaw          50
 Read polaw          50
 Read polaw          50
 Read polaw          50
 Read polaw          50
 Read polaw          50
 Read polaw          50
 Read polaw          50
 Read polaw          50
 Read polaw          50
 Read polaw          50
 Read polaw          50
 Read polaw          50
 Read polaw          50
 Read polaw          50
 Read polaw          50
 Read polaw          50
 Read polaw          50
 Read polaw          50
 Read polaw          50
 Read polaw          50
 Read polaw          50
 Fourier trasform Pgreek
           0           1           0
         221           1          40
           0           1           0
           0           1           0
 Lanczos dimensions         221          40           1
 Loop on KS:           1           1
 Fourier trasform:
 Products in imaginary time:
 Loop on KS:           2           1
 Fourier trasform:
 Products in imaginary time:
 Loop on KS:           3           1
 Fourier trasform:
 Products in imaginary time:
 Loop on KS:           4           1
 Fourier trasform:
 Products in imaginary time:
 Loop on KS:           5           1
 Fourier trasform:
 Products in imaginary time:
 Call fit_multipole
 a_0 (0.000000000000000E+000,0.000000000000000E+000)
 a (9.999999776482582E-003,0.000000000000000E+000)
 (1.999999955296516E-002,0.000000000000000E+000)
 b (-0.500000000000000,-9.999999776482582E-003)
 (1.00000000000000,-9.999999776482582E-003)
 z,s (0.000000000000000E+000,0.166666671633720)
 (6.225695158136094E-002,-1.936456557131547E-002)
 (-1.614434534243436E-003,-9.708741989780291E-003)
 z,s (0.000000000000000E+000,10.0833330154419)
 (-1.733550778263999E-002,-0.121420303957500)
 (-1.454505572673048E-004,-2.950572381143110E-003)
 Grad a_0 (0.405299673769802,15.7721559116464)
 Grad a (-4.73047172482286,0.364814840200279)
 Grad a (-2.89413860919344,-1.59739734546755)
 Routine fit_multipole: chi1 > chi0 
 Routine fit_multipole: chi1 > chi0 
 Routine fit_multipole: maxiter reached   2.185941941364792E-002
 Done
 Calling minpack
 Allocated
 Chi0 initial:  2.185941941364792E-002
  INFO :           2  1.000000000000000E-005
 Minpack fit chi0 :  4.152841120606396E-004
 Done
 FIT state :           1           1
 FIT    a_0: (-8.597449742888413E-002,-2.500854004204868E-002)
 FIT    a:           1 (0.285506614179692,0.340940433635612)
 FIT    b:           1 (-1.75737953818045,-0.600588827956981)
 FIT    a:           2 (0.388140617024881,0.870917071422405)
 FIT    b:           2 (8.21168018044515,1.54263482755336)
 Call fit_multipole
 a_0 (0.000000000000000E+000,0.000000000000000E+000)
 a (9.999999776482582E-003,0.000000000000000E+000)
 (1.999999955296516E-002,0.000000000000000E+000)
 b (-0.500000000000000,-9.999999776482582E-003)
 (1.00000000000000,-9.999999776482582E-003)
 z,s (0.000000000000000E+000,0.166666671633720)
 (-2.580742372247167E-002,-1.689766901747484E-002)
 (-1.614434534243436E-003,-9.708741989780291E-003)
 z,s (0.000000000000000E+000,10.0833330154419)
 (-3.051182310494657E-002,-0.108769024769384)
 (-1.454505572673048E-004,-2.950572381143110E-003)
 Grad a_0 (4.97215712765309,13.6838996875073)
 Grad a (-2.98724222868306,2.20211084600897)
 Grad a (-3.53767134864533,-1.068291450833481E-002)
 Routine fit_multipole: chi1 > chi0 
 Routine fit_multipole: chi1 > chi0 
 Routine fit_multipole: maxiter reached   9.285509999257873E-003
 Done
 Calling minpack
 Allocated
 Chi0 initial:  9.285509999257873E-003
  INFO :           2  1.000000000000000E-005
 Minpack fit chi0 :  1.001471714099658E-004
 Done
 FIT state :           2           1
 FIT    a_0: (-2.800932929635696E-002,-2.186068281106614E-002)
 FIT    a:           1 (0.275977621969451,0.197374278474652)
 FIT    b:           1 (-1.96907411721542,-0.545574779268374)
 FIT    a:           2 (0.850857059015996,5.084423208615444E-002)
 FIT    b:           2 (5.22080828845699,-0.799149029621291)
 Out of create_self_energy_fit
 value, zeta:           1 (0.253924550163865,-3.510960713997952E-003)
 (-0.373766608352185,-0.109680857293782)           1
 XC-DFT energy           1  -1.05178993476727     
 H-DFT energy           1   67.2358595842246     
 (67.2358574063018,0.000000000000000E+000)
 GW-PERT energy           1  -20.4122861159815     
 Iteration energy           1 (0.381785252146860,4.841106929626042E-002)
 Iteration energy           2 (0.380567239127981,2.600611471255304E-002)
 Iteration energy           3 (0.373781540238430,3.816938589696513E-002)
 Iteration energy           4 (0.381427354279962,3.415612127032033E-002)
 Iteration energy           5 (0.376063378781943,3.368540842093413E-002)
 Iteration energy           6 (0.378700188059340,3.573379097205581E-002)
 Iteration energy           7 (0.378013906032177,3.377242609203088E-002)
 Iteration energy           8 (0.377712623177582,3.502790191654685E-002)
 Iteration energy           9 (0.378293292207510,3.447404892832845E-002)
 Iteration energy          10 (0.377803286145202,3.456782232816630E-002)
 value, zeta:           2 (8.572296128079554E-003,-5.385458745041014E-003)
 (-0.137353420705441,7.464973869866587E-003)           1
 XC-DFT energy           2 -0.986880240408567     
 H-DFT energy           2   61.0947823125460     
 (61.0947827384698,0.000000000000000E+000)
 GW-PERT energy           2  -13.6784209215030     
 Iteration energy           1 (6.217188605553994E-002,-2.855611898563072E-003)
 Iteration energy           2 (6.086836205342272E-002,-3.760819697242217E-003)
 Iteration energy           3 (6.109300787938429E-002,-3.568166304617669E-003)
 Iteration energy           4 (6.105500145464721E-002,-3.608208139749373E-003)
 Iteration energy           5 (6.106128997522073E-002,-3.600052911230712E-003)
 Iteration energy           6 (6.106027870302841E-002,-3.601686202572906E-003)
 Iteration energy           7 (6.106043518808599E-002,-3.601363831395716E-003)
 Iteration energy           8 (6.106041230229989E-002,-3.601426636763619E-003)
 Iteration energy           9 (6.106041535051665E-002,-3.601414545872206E-003)
 Iteration energy          10 (6.106041501561169E-002,-3.601416847627600E-003)
 value, zeta:           3 (8.700725398873926E-003,-5.544153471527105E-003)
 (-0.138217830151924,7.423390484090324E-003)           1
 XC-DFT energy           3 -0.986880152731618     
 H-DFT energy           3   61.0947755492643     
 (61.0947762507703,0.000000000000000E+000)
 GW-PERT energy           3  -13.6734086468834     
 Iteration energy           1 (6.258276746409475E-002,-2.847580519452900E-003)
 Iteration energy           2 (6.126896518250871E-002,-3.789041822592220E-003)
 Iteration energy           3 (6.149553119612985E-002,-3.587202697203570E-003)
 Iteration energy           4 (6.145725959170498E-002,-3.629423454871272E-003)
 Iteration energy           5 (6.146356281809856E-002,-3.620775457039444E-003)
 Iteration energy           6 (6.146255856896926E-002,-3.622516180282573E-003)
 Iteration energy           7 (6.146271132202227E-002,-3.622171080959628E-003)
 Iteration energy           8 (6.146268969164909E-002,-3.622238571550741E-003)
 Iteration energy           9 (6.146269238261631E-002,-3.622225537158887E-003)
 Iteration energy          10 (6.146269214048042E-002,-3.622228024787968E-003)
 value, zeta:           4 (8.552112512005383E-003,-5.560821135348285E-003)
 (-0.137749763985854,8.361361479744672E-003)           1
 XC-DFT energy           4 -0.986880157322720     
 H-DFT energy           4   61.0947758421874     
 (61.0947762507703,0.000000000000000E+000)
 GW-PERT energy           4  -13.6769543884417     
 Iteration energy           1 (6.243219799863348E-002,-3.315091987178078E-003)
 Iteration energy           2 (6.108347554015958E-002,-4.211949276214093E-003)
 Iteration energy           3 (6.131968266334287E-002,-4.020322351065992E-003)
 Iteration energy           4 (6.127894003062495E-002,-4.060387557662717E-003)
 Iteration energy           5 (6.128584275315704E-002,-4.052166966007756E-003)
 Iteration energy           6 (6.128469892010613E-002,-4.053827672393859E-003)
 Iteration energy           7 (6.128488312582506E-002,-4.053496663237482E-003)
 Iteration energy           8 (6.128485459751210E-002,-4.053561856624307E-003)
 Iteration energy           9 (6.128485876668568E-002,-4.053549155169239E-003)
 Iteration energy          10 (6.128485821414911E-002,-4.053551604925258E-003)
 value, zeta:           5 (-4.864070012422127E-002,2.056671888013794E-003)
 (-3.327088084967142E-002,-3.362756717109902E-003)           1
 XC-DFT energy           5 -0.154060717388037     
 H-DFT energy           5   4.92569243478953     
 (4.92569256602051,0.000000000000000E+000)
 GW-PERT energy           5  0.212872982899155     
 Iteration energy           1 (-5.057789618103714E-002,1.717282219608263E-003)
 Iteration energy           2 (-5.057704430413945E-002,1.720567436060663E-003)
 Iteration energy           3 (-5.057705278673329E-002,1.720447837478798E-003)
 Iteration energy           4 (-5.057705326059903E-002,1.720452046689639E-003)
 Iteration energy           5 (-5.057705321708916E-002,1.720451903512082E-003)
 Iteration energy           6 (-5.057705321952070E-002,1.720451908206293E-003)
 Iteration energy           7 (-5.057705321940606E-002,1.720451908058852E-003)
 Iteration energy           8 (-5.057705321941099E-002,1.720451908063237E-003)
 Iteration energy           9 (-5.057705321941079E-002,1.720451908063116E-003)
 Iteration energy          10 (-5.057705321941081E-002,1.720451908063119E-003)
 QUASI-PARTICLES ENERGIES IN Ev, Spin:           1           1
State:    1DFT  : -16.61241 GW-PERT  : -20.41229 GW  : -20.17656 HF-pert : -25.31683
State:    2DFT  :  -9.11158 GW-PERT  : -13.67842 GW  : -13.59226 HF-pert : -14.42303
State:    3DFT  :  -9.11157 GW-PERT  : -13.67341 GW  : -13.58679 HF-pert : -14.42303
State:    4DFT  :  -9.11157 GW-PERT  : -13.67695 GW  : -13.58921 HF-pert : -14.42303
State:    5DFT  :  -0.56518 GW-PERT  :   0.21287 GW  :   0.21233 HF-pert :   0.90047
 IMAGINARY ENERGIES IN Ev:
State:    1 GW (Im) :   0.47032
State:    2 GW (Im) :  -0.04900
State:    3 GW (Im) :  -0.04928
State:    4 GW (Im) :  -0.05515
State:    5 GW (Im) :   0.02341
 Stopping MPI environment
